<?xml version="1.0" encoding="UTF-8"?>
<!-- Generated by org.testng.reporters.JUnitReportReporter -->
<testsuite hostname="VALLURI-PC" failures="0" tests="1" name="cucumber.Runner" time="8.135" errors="0" timestamp="2022-03-29T17:39:48 IST" skipped="0">
  <testcase classname="cucumber.Runner" name="runScenario" time="8.135"/>
  <system-out/>
</testsuite> <!-- cucumber.Runner -->
