<?xml version="1.0" encoding="UTF-8"?>
<!-- Generated by org.testng.reporters.JUnitReportReporter -->
<testsuite hostname="Rajesh" failures="0" tests="3" name="phptravels.PHPPageAutomation" time="10.679" errors="0" timestamp="2022-03-24T11:16:27 IST" skipped="0">
  <testcase classname="phptravels.PHPPageAutomation" name="openurl" time="2.927"/>
  <system-out/>
  <testcase classname="phptravels.PHPPageAutomation" name="loginpage" time="2.764"/>
  <system-out/>
  <testcase classname="phptravels.PHPPageAutomation" name="extractdata" time="4.988"/>
  <system-out/>
</testsuite> <!-- phptravels.PHPPageAutomation -->
